[debug] [2025-07-30T19:35:25.128Z] ----------------------------------------------------------------------
[debug] [2025-07-30T19:35:25.131Z] Command:       C:\nvm4w\nodejs\node.exe C:\Users\Oscar\AppData\Roaming\npm\node_modules\firebase-tools\lib\bin\firebase.js init functions
[debug] [2025-07-30T19:35:25.132Z] CLI Version:   14.11.1
[debug] [2025-07-30T19:35:25.132Z] Platform:      win32
[debug] [2025-07-30T19:35:25.132Z] Node Version:  v22.14.0
[debug] [2025-07-30T19:35:25.132Z] Time:          Wed Jul 30 2025 16:35:25 GMT-0300 (Brasilia Standard Time)
[debug] [2025-07-30T19:35:25.132Z] ----------------------------------------------------------------------
[debug] 
[debug] [2025-07-30T19:35:25.426Z] > command requires scopes: ["email","openid","https://www.googleapis.com/auth/cloudplatformprojects.readonly","https://www.googleapis.com/auth/firebase","https://www.googleapis.com/auth/cloud-platform"]
[debug] [2025-07-30T19:35:25.427Z] > authorizing via signed-in user (guillaumeragot7@gmail.com)
[info] 
     ######## #### ########  ######## ########     ###     ######  ########
     ##        ##  ##     ## ##       ##     ##  ##   ##  ##       ##
     ######    ##  ########  ######   ########  #########  ######  ######
     ##        ##  ##    ##  ##       ##     ## ##     ##       ## ##
     ##       #### ##     ## ######## ########  ##     ##  ######  ########

You're about to initialize a Firebase project in this directory:

  C:\Users\Oscar\vigiApp

Before we get started, keep in mind:

  * You are initializing within an existing Firebase project directory

[debug] [2025-07-30T19:36:39.746Z] ExitPromptError: User force closed the prompt with SIGINT
    at Interface.sigint (C:\Users\Oscar\AppData\Roaming\npm\node_modules\firebase-tools\node_modules\@inquirer\core\dist\commonjs\lib\create-prompt.js:101:37)
    at Interface.emit (node:events:518:28)
    at Interface.emit (node:domain:489:12)
    at [_ttyWrite] [as _ttyWrite] (node:internal/readline/interface:1124:18)
    at ReadStream.onkeypress (node:internal/readline/interface:263:20)
    at ReadStream.emit (node:events:530:35)
    at ReadStream.emit (node:domain:489:12)
    at emitKeys (node:internal/readline/utils:370:14)
    at emitKeys.next (<anonymous>)
    at ReadStream.onData (node:internal/readline/emitKeypressEvents:64:36)
[error] 
[error] Error: An unexpected error has occurred.
